21870: 01.12.2024 19:37:11: ptrace is attached
21870: 01.12.2024 19:37:11: ptrace set options
21870: 01.12.2024 19:37:11: restart_syscall code=219
21870: 01.12.2024 19:37:12: restart_syscall code=219
21870: 01.12.2024 19:37:12: read code=0
21870: 01.12.2024 19:37:12: read code=0
21870: 01.12.2024 19:37:12: futex code=202
21870: 01.12.2024 19:37:12: futex code=202
21870: 01.12.2024 19:37:12: futex code=202
21870: 01.12.2024 19:37:12: futex code=202
21870: 01.12.2024 19:37:12: futex code=202
21870: 01.12.2024 19:37:12: futex code=202
21870: 01.12.2024 19:37:12: futex code=202
21870: 01.12.2024 19:37:12: futex code=202
21870: 01.12.2024 19:37:12: futex code=202
21870: 01.12.2024 19:37:12: futex code=202
21870: 01.12.2024 19:37:12: write code=1
21870: 01.12.2024 19:37:12: write code=1
21870: 01.12.2024 19:37:12: poll code=7
21870: 01.12.2024 19:37:12: poll code=7
21870: 01.12.2024 19:37:12: read code=0
21870: 01.12.2024 19:37:12: read code=0
21870: 01.12.2024 19:37:12: poll code=7
21870: 01.12.2024 19:37:12: poll code=7
21870: 01.12.2024 19:37:12: poll code=7
21870: 01.12.2024 19:37:15: poll code=7
21870: 01.12.2024 19:37:15: read code=0
21870: 01.12.2024 19:37:15: read code=0
21870: 01.12.2024 19:37:15: futex code=202
21870: 01.12.2024 19:37:15: futex code=202
21870: 01.12.2024 19:37:15: futex code=202
21870: 01.12.2024 19:37:15: futex code=202
21870: 01.12.2024 19:37:15: futex code=202
21870: 01.12.2024 19:37:15: futex code=202
21870: 01.12.2024 19:37:15: write code=1
21870: 01.12.2024 19:37:15: write code=1
21870: 01.12.2024 19:37:15: poll code=7
21870: 01.12.2024 19:37:15: poll code=7
21870: 01.12.2024 19:37:15: read code=0
21870: 01.12.2024 19:37:15: read code=0
21870: 01.12.2024 19:37:15: poll code=7
21870: 01.12.2024 19:37:15: poll code=7
21870: 01.12.2024 19:37:15: poll code=7
21870: 01.12.2024 19:37:16: poll code=7
21870: 01.12.2024 19:37:16: read code=0
21870: 01.12.2024 19:37:16: read code=0
21870: 01.12.2024 19:37:17: futex code=202
21870: 01.12.2024 19:37:17: futex code=202
21870: 01.12.2024 19:37:17: futex code=202
21870: 01.12.2024 19:37:17: futex code=202
21870: 01.12.2024 19:37:17: write code=1
21870: 01.12.2024 19:37:17: write code=1
21870: 01.12.2024 19:37:17: poll code=7
21870: 01.12.2024 19:37:17: poll code=7
21870: 01.12.2024 19:37:17: read code=0
21870: 01.12.2024 19:37:17: read code=0
21870: 01.12.2024 19:37:17: poll code=7
21870: 01.12.2024 19:37:17: poll code=7
21870: 01.12.2024 19:37:17: poll code=7
21870: 01.12.2024 19:37:18: poll code=7
21870: 01.12.2024 19:37:18: read code=0
21870: 01.12.2024 19:37:18: read code=0
21870: 01.12.2024 19:37:18: futex code=202
21870: 01.12.2024 19:37:18: futex code=202
21870: 01.12.2024 19:37:18: futex code=202
21870: 01.12.2024 19:37:18: futex code=202
21870: 01.12.2024 19:37:18: write code=1
21870: 01.12.2024 19:37:18: write code=1
21870: 01.12.2024 19:37:18: poll code=7
21870: 01.12.2024 19:37:18: poll code=7
21870: 01.12.2024 19:37:18: read code=0
21870: 01.12.2024 19:37:18: read code=0
21870: 01.12.2024 19:37:18: poll code=7
21870: 01.12.2024 19:37:18: poll code=7
21870: 01.12.2024 19:37:18: poll code=7
21870: 01.12.2024 19:37:21: poll code=7
21870: 01.12.2024 19:37:21: read code=0
21870: 01.12.2024 19:37:21: read code=0
21870: 01.12.2024 19:37:21: futex code=202
21870: 01.12.2024 19:37:21: futex code=202
21870: 01.12.2024 19:37:21: futex code=202
21870: 01.12.2024 19:37:21: futex code=202
21870: 01.12.2024 19:37:21: futex code=202
21870: 01.12.2024 19:37:21: futex code=202
21870: 01.12.2024 19:37:21: write code=1
21870: 01.12.2024 19:37:21: write code=1
21870: 01.12.2024 19:37:21: poll code=7
21870: 01.12.2024 19:37:21: poll code=7
21870: 01.12.2024 19:37:21: read code=0
21870: 01.12.2024 19:37:21: read code=0
21870: 01.12.2024 19:37:21: poll code=7
21870: 01.12.2024 19:37:21: poll code=7
21870: 01.12.2024 19:37:21: poll code=7
21870: 01.12.2024 19:37:24: poll code=7
21870: 01.12.2024 19:37:24: read code=0
21870: 01.12.2024 19:37:24: read code=0
21870: 01.12.2024 19:37:24: futex code=202
21870: 01.12.2024 19:37:24: futex code=202
21870: 01.12.2024 19:37:24: futex code=202
21870: 01.12.2024 19:37:24: futex code=202
21870: 01.12.2024 19:37:24: futex code=202
21870: 01.12.2024 19:37:24: futex code=202
21870: 01.12.2024 19:37:24: write code=1
21870: 01.12.2024 19:37:24: write code=1
21870: 01.12.2024 19:37:24: poll code=7
21870: 01.12.2024 19:37:24: poll code=7
21870: 01.12.2024 19:37:24: read code=0
21870: 01.12.2024 19:37:24: read code=0
21870: 01.12.2024 19:37:24: poll code=7
21870: 01.12.2024 19:37:24: poll code=7
21870: 01.12.2024 19:37:24: poll code=7
21870: 01.12.2024 19:37:27: poll code=7
21870: 01.12.2024 19:37:27: read code=0
21870: 01.12.2024 19:37:27: read code=0
21870: 01.12.2024 19:37:27: futex code=202
21870: 01.12.2024 19:37:27: futex code=202
21870: 01.12.2024 19:37:27: futex code=202
21870: 01.12.2024 19:37:27: futex code=202
21870: 01.12.2024 19:37:27: futex code=202
21870: 01.12.2024 19:37:27: futex code=202
21870: 01.12.2024 19:37:27: write code=1
21870: 01.12.2024 19:37:27: write code=1
21870: 01.12.2024 19:37:27: poll code=7
21870: 01.12.2024 19:37:27: poll code=7
21870: 01.12.2024 19:37:27: read code=0
21870: 01.12.2024 19:37:27: read code=0
21870: 01.12.2024 19:37:27: poll code=7
21870: 01.12.2024 19:37:27: poll code=7
21870: 01.12.2024 19:37:27: poll code=7
21870: 01.12.2024 19:37:30: poll code=7
21870: 01.12.2024 19:37:30: read code=0
21870: 01.12.2024 19:37:30: read code=0
21870: 01.12.2024 19:37:30: futex code=202
21870: 01.12.2024 19:37:30: futex code=202
21870: 01.12.2024 19:37:30: futex code=202
21870: 01.12.2024 19:37:30: futex code=202
21870: 01.12.2024 19:37:30: futex code=202
21870: 01.12.2024 19:37:30: futex code=202
21870: 01.12.2024 19:37:30: write code=1
21870: 01.12.2024 19:37:30: write code=1
21870: 01.12.2024 19:37:30: poll code=7
21870: 01.12.2024 19:37:30: poll code=7
21870: 01.12.2024 19:37:30: read code=0
21870: 01.12.2024 19:37:30: read code=0
21870: 01.12.2024 19:37:30: poll code=7
21870: 01.12.2024 19:37:30: poll code=7
21870: 01.12.2024 19:37:30: poll code=7
21870: 01.12.2024 19:37:33: poll code=7
21870: 01.12.2024 19:37:33: read code=0
21870: 01.12.2024 19:37:33: read code=0
21870: 01.12.2024 19:37:33: futex code=202
21870: 01.12.2024 19:37:33: futex code=202
21870: 01.12.2024 19:37:33: futex code=202
21870: 01.12.2024 19:37:33: futex code=202
21870: 01.12.2024 19:37:33: futex code=202
21870: 01.12.2024 19:37:33: futex code=202
21870: 01.12.2024 19:37:33: write code=1
21870: 01.12.2024 19:37:33: write code=1
21870: 01.12.2024 19:37:33: poll code=7
21870: 01.12.2024 19:37:33: poll code=7
21870: 01.12.2024 19:37:33: read code=0
21870: 01.12.2024 19:37:33: read code=0
21870: 01.12.2024 19:37:33: poll code=7
21870: 01.12.2024 19:37:33: poll code=7
21870: 01.12.2024 19:37:33: poll code=7
21870: 01.12.2024 19:37:36: poll code=7
21870: 01.12.2024 19:37:36: read code=0
21870: 01.12.2024 19:37:36: read code=0
21870: 01.12.2024 19:37:36: futex code=202
21870: 01.12.2024 19:37:36: futex code=202
21870: 01.12.2024 19:37:36: futex code=202
21870: 01.12.2024 19:37:36: futex code=202
21870: 01.12.2024 19:37:36: futex code=202
21870: 01.12.2024 19:37:36: futex code=202
21870: 01.12.2024 19:37:36: write code=1
21870: 01.12.2024 19:37:36: write code=1
21870: 01.12.2024 19:37:36: poll code=7
21870: 01.12.2024 19:37:36: poll code=7
21870: 01.12.2024 19:37:36: read code=0
21870: 01.12.2024 19:37:36: read code=0
21870: 01.12.2024 19:37:36: poll code=7
21870: 01.12.2024 19:37:36: poll code=7
21870: 01.12.2024 19:37:36: poll code=7
21870: 01.12.2024 19:37:39: poll code=7
21870: 01.12.2024 19:37:39: read code=0
21870: 01.12.2024 19:37:39: read code=0
21870: 01.12.2024 19:37:39: futex code=202
21870: 01.12.2024 19:37:39: futex code=202
21870: 01.12.2024 19:37:39: futex code=202
21870: 01.12.2024 19:37:39: futex code=202
21870: 01.12.2024 19:37:39: futex code=202
21870: 01.12.2024 19:37:39: futex code=202
21870: 01.12.2024 19:37:39: write code=1
21870: 01.12.2024 19:37:39: write code=1
21870: 01.12.2024 19:37:39: poll code=7
21870: 01.12.2024 19:37:39: poll code=7
21870: 01.12.2024 19:37:39: read code=0
21870: 01.12.2024 19:37:39: read code=0
21870: 01.12.2024 19:37:39: poll code=7
21870: 01.12.2024 19:37:39: poll code=7
21870: 01.12.2024 19:37:39: poll code=7
21870: 01.12.2024 19:37:42: poll code=7
21870: 01.12.2024 19:37:42: read code=0
21870: 01.12.2024 19:37:42: read code=0
21870: 01.12.2024 19:37:42: futex code=202
21870: 01.12.2024 19:37:42: futex code=202
21870: 01.12.2024 19:37:42: futex code=202
21870: 01.12.2024 19:37:42: futex code=202
21870: 01.12.2024 19:37:42: futex code=202
21870: 01.12.2024 19:37:42: futex code=202
21870: 01.12.2024 19:37:42: write code=1
21870: 01.12.2024 19:37:42: write code=1
21870: 01.12.2024 19:37:42: poll code=7
21870: 01.12.2024 19:37:42: poll code=7
21870: 01.12.2024 19:37:42: read code=0
21870: 01.12.2024 19:37:42: read code=0
21870: 01.12.2024 19:37:42: poll code=7
21870: 01.12.2024 19:37:42: poll code=7
21870: 01.12.2024 19:37:42: poll code=7
21870: 01.12.2024 19:37:45: poll code=7
21870: 01.12.2024 19:37:45: read code=0
21870: 01.12.2024 19:37:45: read code=0
21870: 01.12.2024 19:37:45: futex code=202
21870: 01.12.2024 19:37:45: futex code=202
21870: 01.12.2024 19:37:45: write code=1
21870: 01.12.2024 19:37:45: write code=1
21870: 01.12.2024 19:37:45: poll code=7
21870: 01.12.2024 19:37:45: poll code=7
21870: 01.12.2024 19:37:45: read code=0
21870: 01.12.2024 19:37:45: read code=0
21870: 01.12.2024 19:37:45: poll code=7
21870: 01.12.2024 19:37:45: poll code=7
21870: 01.12.2024 19:37:45: poll code=7
2618: 01.12.2024 21:29:28: ptrace is attached
2618: 01.12.2024 21:29:28: ptrace set options
2618: 01.12.2024 21:29:28: poll code=7
2618: 01.12.2024 21:29:28: poll code=7
2618: 01.12.2024 21:29:28: epoll_wait code=232
2618: 01.12.2024 21:29:28: epoll_wait code=232
2618: 01.12.2024 21:29:28: setitimer code=38
2618: 01.12.2024 21:29:28: setitimer code=38
2618: 01.12.2024 21:29:28: recvmsg code=47
2618: 01.12.2024 21:29:28: recvmsg code=47
2618: 01.12.2024 21:29:28: futex code=202
2618: 01.12.2024 21:29:28: futex code=202
2618: 01.12.2024 21:29:28: futex code=202
2618: 01.12.2024 21:29:28: futex code=202
2618: 01.12.2024 21:29:28: munmap code=11
2618: 01.12.2024 21:29:28: munmap code=11
2618: 01.12.2024 21:29:28: ioctl code=16
2618: 01.12.2024 21:29:28: ioctl code=16
2618: 01.12.2024 21:29:28: ioctl code=16
2618: 01.12.2024 21:29:28: ioctl code=16
2618: 01.12.2024 21:29:28: ioctl code=16
2618: 01.12.2024 21:29:28: ioctl code=16
2618: 01.12.2024 21:29:28: ioctl code=16
2618: 01.12.2024 21:29:28: ioctl code=16
2618: 01.12.2024 21:29:28: ioctl code=16
2618: 01.12.2024 21:29:28: ioctl code=16
2618: 01.12.2024 21:29:28: mmap code=9
2618: 01.12.2024 21:29:28: mmap code=9
2618: 01.12.2024 21:29:28: writev code=20
2618: 01.12.2024 21:29:28: writev code=20
2618: 01.12.2024 21:29:28: recvmsg code=47
2618: 01.12.2024 21:29:28: recvmsg code=47
2618: 01.12.2024 21:29:28: setitimer code=38
2618: 01.12.2024 21:29:28: setitimer code=38
2618: 01.12.2024 21:29:28: ioctl code=16
2618: 01.12.2024 21:29:28: ioctl code=16
2618: 01.12.2024 21:29:28: ioctl code=16
2618: 01.12.2024 21:29:28: ioctl code=16
2618: 01.12.2024 21:29:28: futex code=202
2618: 01.12.2024 21:29:28: futex code=202
2618: 01.12.2024 21:29:28: futex code=202
2618: 01.12.2024 21:29:28: futex code=202
2618: 01.12.2024 21:29:28: futex code=202
2618: 01.12.2024 21:29:28: futex code=202
2618: 01.12.2024 21:29:28: futex code=202
2618: 01.12.2024 21:29:28: futex code=202
2618: 01.12.2024 21:29:28: ioctl code=16
2618: 01.12.2024 21:29:28: ioctl code=16
2618: 01.12.2024 21:29:28: ioctl code=16
2618: 01.12.2024 21:29:28: ioctl code=16
2618: 01.12.2024 21:29:28: getpid code=39
2618: 01.12.2024 21:29:28: getpid code=39
2618: 01.12.2024 21:29:28: ioctl code=16
2618: 01.12.2024 21:29:28: ioctl code=16
2618: 01.12.2024 21:29:28: lseek code=8
2618: 01.12.2024 21:29:28: lseek code=8
2618: 01.12.2024 21:29:28: lseek code=8
2618: 01.12.2024 21:29:28: lseek code=8
2618: 01.12.2024 21:29:28: ioctl code=16
2618: 01.12.2024 21:29:28: ioctl code=16
2618: 01.12.2024 21:29:28: ioctl code=16
2618: 01.12.2024 21:29:28: ioctl code=16
2618: 01.12.2024 21:29:28: close code=3
2618: 01.12.2024 21:29:28: close code=3
2618: 01.12.2024 21:29:28: getpid code=39
2618: 01.12.2024 21:29:28: getpid code=39
2618: 01.12.2024 21:29:28: ioctl code=16
2618: 01.12.2024 21:29:28: ioctl code=16
2618: 01.12.2024 21:29:28: fcntl code=72
2618: 01.12.2024 21:29:28: fcntl code=72
2618: 01.12.2024 21:29:28: close code=3
2618: 01.12.2024 21:29:28: close code=3
2618: 01.12.2024 21:29:28: futex code=202
2618: 01.12.2024 21:29:28: futex code=202
2618: 01.12.2024 21:29:28: futex code=202
2618: 01.12.2024 21:29:28: futex code=202
2618: 01.12.2024 21:29:28: futex code=202
2618: 01.12.2024 21:29:28: futex code=202
2618: 01.12.2024 21:29:28: poll code=7
2618: 01.12.2024 21:29:28: poll code=7
2618: 01.12.2024 21:29:28: sendmsg code=46
2618: 01.12.2024 21:29:28: sendmsg code=46
2618: 01.12.2024 21:29:28: close code=3
2618: 01.12.2024 21:29:28: close code=3
2618: 01.12.2024 21:29:28: epoll_wait code=232
2618: 01.12.2024 21:29:28: epoll_wait code=232
2618: 01.12.2024 21:29:28: recvmsg code=47
2618: 01.12.2024 21:29:28: recvmsg code=47
2618: 01.12.2024 21:29:28: poll code=7
2618: 01.12.2024 21:29:28: poll code=7
2618: 01.12.2024 21:29:28: epoll_wait code=232
2618: 01.12.2024 21:29:28: epoll_wait code=232
2618: 01.12.2024 21:29:28: recvmsg code=47
2618: 01.12.2024 21:29:28: recvmsg code=47
2618: 01.12.2024 21:29:28: poll code=7
2618: 01.12.2024 21:29:28: poll code=7
2618: 01.12.2024 21:29:28: epoll_wait code=232
2618: 01.12.2024 21:29:28: epoll_wait code=232
2618: 01.12.2024 21:29:28: setitimer code=38
2618: 01.12.2024 21:29:28: setitimer code=38
2618: 01.12.2024 21:29:28: recvmsg code=47
2618: 01.12.2024 21:29:28: recvmsg code=47
2618: 01.12.2024 21:29:28: sendmsg code=46
2618: 01.12.2024 21:29:28: sendmsg code=46
2618: 01.12.2024 21:29:28: recvmsg code=47
2618: 01.12.2024 21:29:28: recvmsg code=47
2618: 01.12.2024 21:29:28: futex code=202
2618: 01.12.2024 21:29:28: futex code=202
2618: 01.12.2024 21:29:28: futex code=202
2618: 01.12.2024 21:29:28: futex code=202
2618: 01.12.2024 21:29:28: futex code=202
2618: 01.12.2024 21:29:28: futex code=202
2618: 01.12.2024 21:29:28: writev code=20
2618: 01.12.2024 21:29:28: writev code=20
2618: 01.12.2024 21:29:28: recvmsg code=47
2618: 01.12.2024 21:29:28: recvmsg code=47
2618: 01.12.2024 21:29:28: setitimer code=38
2618: 01.12.2024 21:29:28: setitimer code=38
2618: 01.12.2024 21:29:28: poll code=7
2618: 01.12.2024 21:29:28: poll code=7
2618: 01.12.2024 21:29:28: futex code=202
2618: 01.12.2024 21:29:28: futex code=202
2618: 01.12.2024 21:29:28: futex code=202
2618: 01.12.2024 21:29:28: futex code=202
2618: 01.12.2024 21:29:28: futex code=202
2618: 01.12.2024 21:29:28: futex code=202
2618: 01.12.2024 21:29:28: epoll_wait code=232
2618: 01.12.2024 21:29:28: epoll_wait code=232
2618: 01.12.2024 21:29:28: recvmsg code=47
2618: 01.12.2024 21:29:28: recvmsg code=47
2618: 01.12.2024 21:29:28: writev code=20
2618: 01.12.2024 21:29:28: writev code=20
2618: 01.12.2024 21:29:28: writev code=20
2618: 01.12.2024 21:29:28: writev code=20
2618: 01.12.2024 21:29:28: poll code=7
2618: 01.12.2024 21:29:28: poll code=7
2618: 01.12.2024 21:29:28: epoll_wait code=232
2618: 01.12.2024 21:29:28: epoll_wait code=232
2618: 01.12.2024 21:29:28: setitimer code=38
2618: 01.12.2024 21:29:28: setitimer code=38
2618: 01.12.2024 21:29:28: recvmsg code=47
2618: 01.12.2024 21:29:28: recvmsg code=47
2618: 01.12.2024 21:29:28: ioctl code=16
2618: 01.12.2024 21:29:28: ioctl code=16
2618: 01.12.2024 21:29:28: ioctl code=16
2618: 01.12.2024 21:29:28: ioctl code=16
2618: 01.12.2024 21:29:28: ioctl code=16
2618: 01.12.2024 21:29:28: ioctl code=16
2618: 01.12.2024 21:29:28: mmap code=9
2618: 01.12.2024 21:29:28: mmap code=9
2618: 01.12.2024 21:29:28: writev code=20
2618: 01.12.2024 21:29:28: writev code=20
2618: 01.12.2024 21:29:28: recvmsg code=47
2618: 01.12.2024 21:29:28: recvmsg code=47
2618: 01.12.2024 21:29:28: setitimer code=38
2618: 01.12.2024 21:29:28: setitimer code=38
2618: 01.12.2024 21:29:28: futex code=202
2618: 01.12.2024 21:29:28: futex code=202
2618: 01.12.2024 21:29:28: futex code=202
2618: 01.12.2024 21:29:28: futex code=202
2618: 01.12.2024 21:29:28: poll code=7
2618: 01.12.2024 21:29:28: poll code=7
2618: 01.12.2024 21:29:28: sendmsg code=46
2618: 01.12.2024 21:29:28: sendmsg code=46
2618: 01.12.2024 21:29:28: epoll_wait code=232
2618: 01.12.2024 21:29:28: epoll_wait code=232
2618: 01.12.2024 21:29:28: recvmsg code=47
2618: 01.12.2024 21:29:28: recvmsg code=47
2618: 01.12.2024 21:29:28: poll code=7
2618: 01.12.2024 21:29:28: poll code=7
2618: 01.12.2024 21:29:28: epoll_wait code=232
2618: 01.12.2024 21:29:28: epoll_wait code=232
2618: 01.12.2024 21:29:28: setitimer code=38
2618: 01.12.2024 21:29:28: setitimer code=38
2618: 01.12.2024 21:29:28: recvmsg code=47
2618: 01.12.2024 21:29:28: recvmsg code=47
2618: 01.12.2024 21:29:28: writev code=20
2618: 01.12.2024 21:29:28: writev code=20
2618: 01.12.2024 21:29:28: recvmsg code=47
2618: 01.12.2024 21:29:28: recvmsg code=47
2618: 01.12.2024 21:29:28: setitimer code=38
2618: 01.12.2024 21:29:28: setitimer code=38
2618: 01.12.2024 21:29:28: poll code=7
2618: 01.12.2024 21:29:28: poll code=7
2618: 01.12.2024 21:29:28: futex code=202
2618: 01.12.2024 21:29:28: futex code=202
2618: 01.12.2024 21:29:28: futex code=202
2618: 01.12.2024 21:29:28: futex code=202
2618: 01.12.2024 21:29:28: futex code=202
2618: 01.12.2024 21:29:28: futex code=202
2618: 01.12.2024 21:29:28: epoll_wait code=232
2618: 01.12.2024 21:29:28: epoll_wait code=232
2618: 01.12.2024 21:29:28: recvmsg code=47
2618: 01.12.2024 21:29:28: recvmsg code=47
2618: 01.12.2024 21:29:28: futex code=202
2618: 01.12.2024 21:29:28: futex code=202
2618: 01.12.2024 21:29:28: futex code=202
2618: 01.12.2024 21:29:28: futex code=202
2618: 01.12.2024 21:29:28: poll code=7
2618: 01.12.2024 21:29:28: poll code=7
2618: 01.12.2024 21:29:28: sendmsg code=46
2618: 01.12.2024 21:29:28: sendmsg code=46
2618: 01.12.2024 21:29:28: epoll_wait code=232
2618: 01.12.2024 21:29:28: epoll_wait code=232
2618: 01.12.2024 21:29:28: recvmsg code=47
2618: 01.12.2024 21:29:28: recvmsg code=47
2618: 01.12.2024 21:29:28: poll code=7
2618: 01.12.2024 21:29:28: poll code=7
2618: 01.12.2024 21:29:28: epoll_wait code=232
2618: 01.12.2024 21:29:28: epoll_wait code=232
2618: 01.12.2024 21:29:28: recvmsg code=47
2618: 01.12.2024 21:29:28: recvmsg code=47
2618: 01.12.2024 21:29:28: poll code=7
2618: 01.12.2024 21:29:28: poll code=7
2618: 01.12.2024 21:29:28: epoll_wait code=232
2618: 01.12.2024 21:29:28: epoll_wait code=232
2618: 01.12.2024 21:29:28: setitimer code=38
2618: 01.12.2024 21:29:28: setitimer code=38
2618: 01.12.2024 21:29:28: recvmsg code=47
2618: 01.12.2024 21:29:28: recvmsg code=47
2618: 01.12.2024 21:29:28: sendmsg code=46
2618: 01.12.2024 21:29:28: sendmsg code=46
2618: 01.12.2024 21:29:28: recvmsg code=47
2618: 01.12.2024 21:29:28: recvmsg code=47
2618: 01.12.2024 21:29:28: setitimer code=38
2618: 01.12.2024 21:29:28: setitimer code=38
2618: 01.12.2024 21:29:28: poll code=7
2618: 01.12.2024 21:29:28: poll code=7
2618: 01.12.2024 21:29:28: epoll_wait code=232
2618: 01.12.2024 21:29:28: epoll_wait code=232
2618: 01.12.2024 21:29:28: recvmsg code=47
2618: 01.12.2024 21:29:28: recvmsg code=47
2618: 01.12.2024 21:29:28: writev code=20
2618: 01.12.2024 21:29:28: writev code=20
2618: 01.12.2024 21:29:28: writev code=20
2618: 01.12.2024 21:29:28: writev code=20
2618: 01.12.2024 21:29:28: poll code=7
2618: 01.12.2024 21:29:28: poll code=7
2618: 01.12.2024 21:29:28: epoll_wait code=232
2618: 01.12.2024 21:29:28: epoll_wait code=232
2618: 01.12.2024 21:29:28: setitimer code=38
2618: 01.12.2024 21:29:28: setitimer code=38
2618: 01.12.2024 21:29:28: recvmsg code=47
2618: 01.12.2024 21:29:28: recvmsg code=47
2618: 01.12.2024 21:29:28: futex code=202
2618: 01.12.2024 21:29:28: futex code=202
2618: 01.12.2024 21:29:28: futex code=202
2618: 01.12.2024 21:29:28: futex code=202
2618: 01.12.2024 21:29:28: writev code=20
2618: 01.12.2024 21:29:28: writev code=20
2618: 01.12.2024 21:29:28: recvmsg code=47
2618: 01.12.2024 21:29:28: recvmsg code=47
2618: 01.12.2024 21:29:28: setitimer code=38
2618: 01.12.2024 21:29:28: setitimer code=38
2618: 01.12.2024 21:29:28: poll code=7
2618: 01.12.2024 21:29:28: poll code=7
2618: 01.12.2024 21:29:28: futex code=202
2618: 01.12.2024 21:29:28: futex code=202
2618: 01.12.2024 21:29:28: futex code=202
2618: 01.12.2024 21:29:28: futex code=202
2618: 01.12.2024 21:29:28: futex code=202
2618: 01.12.2024 21:29:28: futex code=202
2618: 01.12.2024 21:29:28: epoll_wait code=232
2618: 01.12.2024 21:29:28: epoll_wait code=232
2618: 01.12.2024 21:29:28: recvmsg code=47
2618: 01.12.2024 21:29:28: recvmsg code=47
2618: 01.12.2024 21:29:28: poll code=7
2618: 01.12.2024 21:29:28: poll code=7
2618: 01.12.2024 21:29:28: epoll_wait code=232
2618: 01.12.2024 21:29:28: epoll_wait code=232
2618: 01.12.2024 21:29:28: setitimer code=38
2618: 01.12.2024 21:29:28: setitimer code=38
2618: 01.12.2024 21:29:28: recvmsg code=47
2618: 01.12.2024 21:29:28: recvmsg code=47
2618: 01.12.2024 21:29:28: sendmsg code=46
2618: 01.12.2024 21:29:28: sendmsg code=46
2618: 01.12.2024 21:29:28: recvmsg code=47
2618: 01.12.2024 21:29:28: recvmsg code=47
2618: 01.12.2024 21:29:28: setitimer code=38
2618: 01.12.2024 21:29:28: setitimer code=38
2618: 01.12.2024 21:29:28: poll code=7
2618: 01.12.2024 21:29:28: poll code=7
2618: 01.12.2024 21:29:28: epoll_wait code=232
2618: 01.12.2024 21:29:28: epoll_wait code=232
2618: 01.12.2024 21:29:28: recvmsg code=47
2618: 01.12.2024 21:29:28: recvmsg code=47
2618: 01.12.2024 21:29:28: writev code=20
2618: 01.12.2024 21:29:28: writev code=20
2618: 01.12.2024 21:29:28: writev code=20
2618: 01.12.2024 21:29:28: writev code=20
2618: 01.12.2024 21:29:28: setitimer code=38
2618: 01.12.2024 21:29:28: setitimer code=38
2618: 01.12.2024 21:29:28: recvmsg code=47
2618: 01.12.2024 21:29:28: recvmsg code=47
2618: 01.12.2024 21:29:28: futex code=202
2618: 01.12.2024 21:29:28: futex code=202
2618: 01.12.2024 21:29:28: futex code=202
2618: 01.12.2024 21:29:28: futex code=202
2618: 01.12.2024 21:29:28: futex code=202
2618: 01.12.2024 21:29:28: futex code=202
2618: 01.12.2024 21:29:28: writev code=20
2618: 01.12.2024 21:29:28: writev code=20
2618: 01.12.2024 21:29:28: recvmsg code=47
2618: 01.12.2024 21:29:28: recvmsg code=47
2618: 01.12.2024 21:29:28: setitimer code=38
2618: 01.12.2024 21:29:28: setitimer code=38
2618: 01.12.2024 21:29:28: poll code=7
2618: 01.12.2024 21:29:28: poll code=7
2618: 01.12.2024 21:29:28: futex code=202
2618: 01.12.2024 21:29:28: futex code=202
2618: 01.12.2024 21:29:28: futex code=202
2618: 01.12.2024 21:29:28: futex code=202
2618: 01.12.2024 21:29:28: futex code=202
2618: 01.12.2024 21:29:28: futex code=202
2618: 01.12.2024 21:29:28: epoll_wait code=232
2618: 01.12.2024 21:29:28: epoll_wait code=232
2618: 01.12.2024 21:29:28: recvmsg code=47
2618: 01.12.2024 21:29:28: recvmsg code=47
2618: 01.12.2024 21:29:28: writev code=20
2618: 01.12.2024 21:29:28: writev code=20
2618: 01.12.2024 21:29:28: poll code=7
2618: 01.12.2024 21:29:28: poll code=7
2618: 01.12.2024 21:29:28: epoll_wait code=232
2618: 01.12.2024 21:29:28: epoll_wait code=232
2618: 01.12.2024 21:29:28: recvmsg code=47
2618: 01.12.2024 21:29:28: recvmsg code=47
2618: 01.12.2024 21:29:28: poll code=7
2618: 01.12.2024 21:29:28: poll code=7
2618: 01.12.2024 21:29:28: epoll_wait code=232
2618: 01.12.2024 21:29:28: epoll_wait code=232
2618: 01.12.2024 21:29:28: setitimer code=38
2618: 01.12.2024 21:29:28: setitimer code=38
2618: 01.12.2024 21:29:28: recvmsg code=47
2618: 01.12.2024 21:29:28: recvmsg code=47
2618: 01.12.2024 21:29:28: ioctl code=16
2618: 01.12.2024 21:29:28: ioctl code=16
2618: 01.12.2024 21:29:28: ioctl code=16
2618: 01.12.2024 21:29:28: ioctl code=16
2618: 01.12.2024 21:29:28: ioctl code=16
2618: 01.12.2024 21:29:28: ioctl code=16
2618: 01.12.2024 21:29:28: mmap code=9
2618: 01.12.2024 21:29:28: mmap code=9
2618: 01.12.2024 21:29:28: writev code=20
2618: 01.12.2024 21:29:28: writev code=20
2618: 01.12.2024 21:29:28: recvmsg code=47
2618: 01.12.2024 21:29:28: recvmsg code=47
2618: 01.12.2024 21:29:28: setitimer code=38
2618: 01.12.2024 21:29:28: setitimer code=38
2618: 01.12.2024 21:29:28: futex code=202
2618: 01.12.2024 21:29:28: futex code=202
2618: 01.12.2024 21:29:28: futex code=202
2618: 01.12.2024 21:29:28: futex code=202
2618: 01.12.2024 21:29:28: futex code=202
2618: 01.12.2024 21:29:28: futex code=202
2618: 01.12.2024 21:29:28: poll code=7
2618: 01.12.2024 21:29:28: poll code=7
2618: 01.12.2024 21:29:28: sendmsg code=46
2618: 01.12.2024 21:29:28: sendmsg code=46
2618: 01.12.2024 21:29:28: epoll_wait code=232
2618: 01.12.2024 21:29:28: epoll_wait code=232
2618: 01.12.2024 21:29:28: recvmsg code=47
2618: 01.12.2024 21:29:28: recvmsg code=47
2618: 01.12.2024 21:29:28: poll code=7
2618: 01.12.2024 21:29:28: poll code=7
2618: 01.12.2024 21:29:28: epoll_wait code=232
2618: 01.12.2024 21:29:28: epoll_wait code=232
2618: 01.12.2024 21:29:28: setitimer code=38
2618: 01.12.2024 21:29:28: setitimer code=38
2618: 01.12.2024 21:29:28: recvmsg code=47
2618: 01.12.2024 21:29:28: recvmsg code=47
2618: 01.12.2024 21:29:28: writev code=20
2618: 01.12.2024 21:29:28: writev code=20
2618: 01.12.2024 21:29:28: recvmsg code=47
2618: 01.12.2024 21:29:28: recvmsg code=47
2618: 01.12.2024 21:29:28: setitimer code=38
2618: 01.12.2024 21:29:28: setitimer code=38
2618: 01.12.2024 21:29:28: poll code=7
2618: 01.12.2024 21:29:28: poll code=7
2618: 01.12.2024 21:29:28: futex code=202
2618: 01.12.2024 21:29:28: futex code=202
2618: 01.12.2024 21:29:28: futex code=202
2618: 01.12.2024 21:29:28: futex code=202
2618: 01.12.2024 21:29:28: futex code=202
2618: 01.12.2024 21:29:28: futex code=202
2618: 01.12.2024 21:29:28: epoll_wait code=232
2618: 01.12.2024 21:29:28: epoll_wait code=232
2618: 01.12.2024 21:29:28: recvmsg code=47
2618: 01.12.2024 21:29:28: recvmsg code=47
2618: 01.12.2024 21:29:28: futex code=202
2618: 01.12.2024 21:29:28: futex code=202
2618: 01.12.2024 21:29:28: futex code=202
2618: 01.12.2024 21:29:28: futex code=202
2618: 01.12.2024 21:29:28: poll code=7
2618: 01.12.2024 21:29:28: poll code=7
2618: 01.12.2024 21:29:28: sendmsg code=46
2618: 01.12.2024 21:29:28: sendmsg code=46
2618: 01.12.2024 21:29:28: epoll_wait code=232
2618: 01.12.2024 21:29:28: epoll_wait code=232
2618: 01.12.2024 21:29:28: recvmsg code=47
2618: 01.12.2024 21:29:28: recvmsg code=47
2618: 01.12.2024 21:29:28: poll code=7
2618: 01.12.2024 21:29:28: poll code=7
2618: 01.12.2024 21:29:28: epoll_wait code=232
2618: 01.12.2024 21:29:28: epoll_wait code=232
2618: 01.12.2024 21:29:28: setitimer code=38
2618: 01.12.2024 21:29:28: setitimer code=38
2618: 01.12.2024 21:29:28: recvmsg code=47
2618: 01.12.2024 21:29:28: recvmsg code=47
2618: 01.12.2024 21:29:28: sendmsg code=46
2618: 01.12.2024 21:29:28: sendmsg code=46
2618: 01.12.2024 21:29:28: recvmsg code=47
2618: 01.12.2024 21:29:28: recvmsg code=47
2618: 01.12.2024 21:29:28: setitimer code=38
2618: 01.12.2024 21:29:28: setitimer code=38
2618: 01.12.2024 21:29:28: poll code=7
2618: 01.12.2024 21:29:28: poll code=7
2618: 01.12.2024 21:29:28: epoll_wait code=232
2618: 01.12.2024 21:29:28: epoll_wait code=232
2618: 01.12.2024 21:29:28: recvmsg code=47
2618: 01.12.2024 21:29:28: recvmsg code=47
2618: 01.12.2024 21:29:28: writev code=20
2618: 01.12.2024 21:29:28: writev code=20
2618: 01.12.2024 21:29:28: writev code=20
2618: 01.12.2024 21:29:28: writev code=20
2618: 01.12.2024 21:29:28: poll code=7
2618: 01.12.2024 21:29:28: poll code=7
2618: 01.12.2024 21:29:28: epoll_wait code=232
2618: 01.12.2024 21:29:28: epoll_wait code=232
2618: 01.12.2024 21:29:28: setitimer code=38
2618: 01.12.2024 21:29:28: setitimer code=38
2618: 01.12.2024 21:29:28: recvmsg code=47
2618: 01.12.2024 21:29:28: recvmsg code=47
2618: 01.12.2024 21:29:28: futex code=202
2618: 01.12.2024 21:29:28: futex code=202
2618: 01.12.2024 21:29:28: futex code=202
2618: 01.12.2024 21:29:28: futex code=202
2618: 01.12.2024 21:29:28: futex code=202
2618: 01.12.2024 21:29:28: futex code=202
2618: 01.12.2024 21:29:28: writev code=20
2618: 01.12.2024 21:29:28: writev code=20
2618: 01.12.2024 21:29:28: recvmsg code=47
2618: 01.12.2024 21:29:28: recvmsg code=47
2618: 01.12.2024 21:29:28: setitimer code=38
2618: 01.12.2024 21:29:28: setitimer code=38
2618: 01.12.2024 21:29:28: poll code=7
2618: 01.12.2024 21:29:28: poll code=7
2618: 01.12.2024 21:29:28: futex code=202
2618: 01.12.2024 21:29:28: futex code=202
2618: 01.12.2024 21:29:28: futex code=202
2618: 01.12.2024 21:29:28: futex code=202
2618: 01.12.2024 21:29:28: futex code=202
2618: 01.12.2024 21:29:28: futex code=202
2618: 01.12.2024 21:29:28: epoll_wait code=232
2618: 01.12.2024 21:29:28: epoll_wait code=232
2618: 01.12.2024 21:29:28: setitimer code=38
2618: 01.12.2024 21:29:28: setitimer code=38
2618: 01.12.2024 21:29:28: recvmsg code=47
2618: 01.12.2024 21:29:28: recvmsg code=47
2618: 01.12.2024 21:29:28: writev code=20
2618: 01.12.2024 21:29:28: writev code=20
2618: 01.12.2024 21:29:28: recvmsg code=47
2618: 01.12.2024 21:29:28: recvmsg code=47
2618: 01.12.2024 21:29:28: setitimer code=38
2618: 01.12.2024 21:29:28: setitimer code=38
2618: 01.12.2024 21:29:28: poll code=7
2618: 01.12.2024 21:29:28: poll code=7
2618: 01.12.2024 21:29:28: futex code=202
2618: 01.12.2024 21:29:28: futex code=202
2618: 01.12.2024 21:29:28: futex code=202
2618: 01.12.2024 21:29:28: futex code=202
2618: 01.12.2024 21:29:28: futex code=202
2618: 01.12.2024 21:29:28: futex code=202
2618: 01.12.2024 21:29:28: epoll_wait code=232
2618: 01.12.2024 21:29:28: epoll_wait code=232
2618: 01.12.2024 21:29:28: recvmsg code=47
2618: 01.12.2024 21:29:28: recvmsg code=47
2618: 01.12.2024 21:29:28: futex code=202
2618: 01.12.2024 21:29:28: futex code=202
2618: 01.12.2024 21:29:28: futex code=202
2618: 01.12.2024 21:29:28: futex code=202
2618: 01.12.2024 21:29:28: poll code=7
2618: 01.12.2024 21:29:28: poll code=7
2618: 01.12.2024 21:29:28: sendmsg code=46
2618: 01.12.2024 21:29:28: sendmsg code=46
2618: 01.12.2024 21:29:28: epoll_wait code=232
2618: 01.12.2024 21:29:28: epoll_wait code=232
2618: 01.12.2024 21:29:28: recvmsg code=47
2618: 01.12.2024 21:29:28: recvmsg code=47
2618: 01.12.2024 21:29:28: poll code=7
2618: 01.12.2024 21:29:28: poll code=7
2618: 01.12.2024 21:29:28: epoll_wait code=232
2618: 01.12.2024 21:29:28: epoll_wait code=232
2618: 01.12.2024 21:29:28: setitimer code=38
2618: 01.12.2024 21:29:28: setitimer code=38
2618: 01.12.2024 21:29:28: recvmsg code=47
2618: 01.12.2024 21:29:28: recvmsg code=47
2618: 01.12.2024 21:29:28: writev code=20
2618: 01.12.2024 21:29:28: writev code=20
2618: 01.12.2024 21:29:28: recvmsg code=47
2618: 01.12.2024 21:29:28: recvmsg code=47
2618: 01.12.2024 21:29:28: setitimer code=38
2618: 01.12.2024 21:29:28: setitimer code=38
2618: 01.12.2024 21:29:28: poll code=7
2618: 01.12.2024 21:29:28: poll code=7
2618: 01.12.2024 21:29:28: futex code=202
2618: 01.12.2024 21:29:28: futex code=202
2618: 01.12.2024 21:29:28: futex code=202
2618: 01.12.2024 21:29:28: futex code=202
2618: 01.12.2024 21:29:28: futex code=202
2618: 01.12.2024 21:29:28: futex code=202
2618: 01.12.2024 21:29:28: epoll_wait code=232
2618: 01.12.2024 21:29:28: epoll_wait code=232
2618: 01.12.2024 21:29:28: recvmsg code=47
2618: 01.12.2024 21:29:28: recvmsg code=47
2618: 01.12.2024 21:29:28: futex code=202
2618: 01.12.2024 21:29:28: futex code=202
2618: 01.12.2024 21:29:28: futex code=202
2618: 01.12.2024 21:29:28: futex code=202
2618: 01.12.2024 21:29:28: poll code=7
2618: 01.12.2024 21:29:28: poll code=7
2618: 01.12.2024 21:29:28: sendmsg code=46
2618: 01.12.2024 21:29:28: sendmsg code=46
2618: 01.12.2024 21:29:28: epoll_wait code=232
2618: 01.12.2024 21:29:28: epoll_wait code=232
2618: 01.12.2024 21:29:28: recvmsg code=47
2618: 01.12.2024 21:29:28: recvmsg code=47
2618: 01.12.2024 21:29:28: poll code=7
2618: 01.12.2024 21:29:28: poll code=7
2618: 01.12.2024 21:29:28: epoll_wait code=232
2618: 01.12.2024 21:29:28: epoll_wait code=232
2618: 01.12.2024 21:29:28: setitimer code=38
2618: 01.12.2024 21:29:28: setitimer code=38
2618: 01.12.2024 21:29:28: recvmsg code=47
2618: 01.12.2024 21:29:28: recvmsg code=47
2618: 01.12.2024 21:29:28: writev code=20
2618: 01.12.2024 21:29:28: writev code=20
2618: 01.12.2024 21:29:28: recvmsg code=47
2618: 01.12.2024 21:29:28: recvmsg code=47
2618: 01.12.2024 21:29:28: setitimer code=38
2618: 01.12.2024 21:29:28: setitimer code=38
2618: 01.12.2024 21:29:28: poll code=7
2618: 01.12.2024 21:29:28: poll code=7
2618: 01.12.2024 21:29:28: futex code=202
2618: 01.12.2024 21:29:28: futex code=202
2618: 01.12.2024 21:29:28: futex code=202
2618: 01.12.2024 21:29:28: futex code=202
2618: 01.12.2024 21:29:28: futex code=202
2618: 01.12.2024 21:29:28: futex code=202
2618: 01.12.2024 21:29:28: epoll_wait code=232
2618: 01.12.2024 21:29:28: epoll_wait code=232
2618: 01.12.2024 21:29:28: recvmsg code=47
2618: 01.12.2024 21:29:28: recvmsg code=47
2618: 01.12.2024 21:29:28: futex code=202
2618: 01.12.2024 21:29:28: futex code=202
2618: 01.12.2024 21:29:28: futex code=202
2618: 01.12.2024 21:29:28: futex code=202
2618: 01.12.2024 21:29:28: futex code=202
2618: 01.12.2024 21:29:28: futex code=202
2618: 01.12.2024 21:29:28: poll code=7
2618: 01.12.2024 21:29:28: poll code=7
2618: 01.12.2024 21:29:28: sendmsg code=46
2618: 01.12.2024 21:29:28: sendmsg code=46
2618: 01.12.2024 21:29:28: epoll_wait code=232
2618: 01.12.2024 21:29:28: epoll_wait code=232
2618: 01.12.2024 21:29:28: recvmsg code=47
2618: 01.12.2024 21:29:28: recvmsg code=47
2618: 01.12.2024 21:29:28: poll code=7
2618: 01.12.2024 21:29:28: poll code=7
2618: 01.12.2024 21:29:28: epoll_wait code=232
2618: 01.12.2024 21:29:28: epoll_wait code=232
2618: 01.12.2024 21:29:28: setitimer code=38
2618: 01.12.2024 21:29:28: setitimer code=38
2618: 01.12.2024 21:29:28: recvmsg code=47
2618: 01.12.2024 21:29:28: recvmsg code=47
2618: 01.12.2024 21:29:28: sendmsg code=46
2618: 01.12.2024 21:29:28: sendmsg code=46
2618: 01.12.2024 21:29:28: recvmsg code=47
2618: 01.12.2024 21:29:28: recvmsg code=47
2618: 01.12.2024 21:29:28: futex code=202
2618: 01.12.2024 21:29:28: futex code=202
2618: 01.12.2024 21:29:28: futex code=202
2618: 01.12.2024 21:29:28: futex code=202
2618: 01.12.2024 21:29:28: writev code=20
2618: 01.12.2024 21:29:28: writev code=20
2618: 01.12.2024 21:29:28: recvmsg code=47
2618: 01.12.2024 21:29:28: recvmsg code=47
2618: 01.12.2024 21:29:28: setitimer code=38
2618: 01.12.2024 21:29:28: setitimer code=38
2618: 01.12.2024 21:29:28: poll code=7
2618: 01.12.2024 21:29:28: poll code=7
2618: 01.12.2024 21:29:28: futex code=202
2618: 01.12.2024 21:29:28: futex code=202
2618: 01.12.2024 21:29:28: futex code=202
2618: 01.12.2024 21:29:28: futex code=202
2618: 01.12.2024 21:29:28: futex code=202
2618: 01.12.2024 21:29:28: futex code=202
2618: 01.12.2024 21:29:28: epoll_wait code=232
2618: 01.12.2024 21:29:28: epoll_wait code=232
2618: 01.12.2024 21:29:28: recvmsg code=47
2618: 01.12.2024 21:29:28: recvmsg code=47
2618: 01.12.2024 21:29:28: writev code=20
2618: 01.12.2024 21:29:28: writev code=20
2618: 01.12.2024 21:29:28: writev code=20
2618: 01.12.2024 21:29:28: writev code=20
2618: 01.12.2024 21:29:28: poll code=7
2618: 01.12.2024 21:29:28: poll code=7
2618: 01.12.2024 21:29:28: epoll_wait code=232
2618: 01.12.2024 21:29:28: epoll_wait code=232
2618: 01.12.2024 21:29:28: setitimer code=38
2618: 01.12.2024 21:29:28: setitimer code=38
2618: 01.12.2024 21:29:28: recvmsg code=47
2618: 01.12.2024 21:29:28: recvmsg code=47
2618: 01.12.2024 21:29:28: writev code=20
2618: 01.12.2024 21:29:28: writev code=20
2618: 01.12.2024 21:29:28: recvmsg code=47
2618: 01.12.2024 21:29:28: recvmsg code=47
2618: 01.12.2024 21:29:28: setitimer code=38
2618: 01.12.2024 21:29:28: setitimer code=38
2618: 01.12.2024 21:29:28: poll code=7
2618: 01.12.2024 21:29:28: poll code=7
2618: 01.12.2024 21:29:28: futex code=202
2618: 01.12.2024 21:29:28: futex code=202
2618: 01.12.2024 21:29:28: futex code=202
2618: 01.12.2024 21:29:28: futex code=202
2618: 01.12.2024 21:29:28: futex code=202
2618: 01.12.2024 21:29:28: futex code=202
2618: 01.12.2024 21:29:28: epoll_wait code=232
2618: 01.12.2024 21:29:28: epoll_wait code=232
2618: 01.12.2024 21:29:28: recvmsg code=47
2618: 01.12.2024 21:29:28: recvmsg code=47
2618: 01.12.2024 21:29:28: futex code=202
2618: 01.12.2024 21:29:28: futex code=202
2618: 01.12.2024 21:29:28: futex code=202
2618: 01.12.2024 21:29:28: futex code=202
2618: 01.12.2024 21:29:28: futex code=202
2618: 01.12.2024 21:29:28: futex code=202
2618: 01.12.2024 21:29:28: poll code=7
2618: 01.12.2024 21:29:28: poll code=7
2618: 01.12.2024 21:29:28: sendmsg code=46
2618: 01.12.2024 21:29:28: sendmsg code=46
2618: 01.12.2024 21:29:28: epoll_wait code=232
2618: 01.12.2024 21:29:28: epoll_wait code=232
2618: 01.12.2024 21:29:28: recvmsg code=47
2618: 01.12.2024 21:29:28: recvmsg code=47
2618: 01.12.2024 21:29:28: poll code=7
2618: 01.12.2024 21:29:28: poll code=7
2618: 01.12.2024 21:29:28: epoll_wait code=232
2618: 01.12.2024 21:29:28: epoll_wait code=232
2618: 01.12.2024 21:29:28: setitimer code=38
2618: 01.12.2024 21:29:28: setitimer code=38
2618: 01.12.2024 21:29:28: recvmsg code=47
2618: 01.12.2024 21:29:28: recvmsg code=47
2618: 01.12.2024 21:29:28: writev code=20
2618: 01.12.2024 21:29:28: writev code=20
2618: 01.12.2024 21:29:28: recvmsg code=47
2618: 01.12.2024 21:29:28: recvmsg code=47
2618: 01.12.2024 21:29:28: setitimer code=38
2618: 01.12.2024 21:29:28: setitimer code=38
2618: 01.12.2024 21:29:28: poll code=7
2618: 01.12.2024 21:29:28: poll code=7
2618: 01.12.2024 21:29:28: futex code=202
2618: 01.12.2024 21:29:28: futex code=202
2618: 01.12.2024 21:29:28: futex code=202
2618: 01.12.2024 21:29:28: futex code=202
2618: 01.12.2024 21:29:28: futex code=202
2618: 01.12.2024 21:29:28: futex code=202
2618: 01.12.2024 21:29:28: epoll_wait code=232
2618: 01.12.2024 21:29:28: epoll_wait code=232
2618: 01.12.2024 21:29:28: recvmsg code=47
2618: 01.12.2024 21:29:28: recvmsg code=47
2618: 01.12.2024 21:29:28: futex code=202
2618: 01.12.2024 21:29:28: futex code=202
2618: 01.12.2024 21:29:28: futex code=202
2618: 01.12.2024 21:29:28: futex code=202
2618: 01.12.2024 21:29:28: futex code=202
2618: 01.12.2024 21:29:28: futex code=202
2618: 01.12.2024 21:29:28: poll code=7
2618: 01.12.2024 21:29:28: poll code=7
2618: 01.12.2024 21:29:28: sendmsg code=46
2618: 01.12.2024 21:29:28: sendmsg code=46
2618: 01.12.2024 21:29:28: epoll_wait code=232
2618: 01.12.2024 21:29:28: epoll_wait code=232
2618: 01.12.2024 21:29:28: recvmsg code=47
2618: 01.12.2024 21:29:28: recvmsg code=47
2618: 01.12.2024 21:29:28: poll code=7
2618: 01.12.2024 21:29:28: poll code=7
2618: 01.12.2024 21:29:28: epoll_wait code=232
2618: 01.12.2024 21:29:28: epoll_wait code=232
2618: 01.12.2024 21:29:28: setitimer code=38
2618: 01.12.2024 21:29:28: setitimer code=38
2618: 01.12.2024 21:29:28: recvmsg code=47
2618: 01.12.2024 21:29:28: recvmsg code=47
2618: 01.12.2024 21:29:28: sendmsg code=46
2618: 01.12.2024 21:29:28: sendmsg code=46
2618: 01.12.2024 21:29:28: recvmsg code=47
2618: 01.12.2024 21:29:28: recvmsg code=47
2618: 01.12.2024 21:29:28: setitimer code=38
2618: 01.12.2024 21:29:28: setitimer code=38
2618: 01.12.2024 21:29:28: poll code=7
2618: 01.12.2024 21:29:28: poll code=7
2618: 01.12.2024 21:29:28: epoll_wait code=232
2618: 01.12.2024 21:29:28: epoll_wait code=232
2618: 01.12.2024 21:29:28: recvmsg code=47
2618: 01.12.2024 21:29:28: recvmsg code=47
2618: 01.12.2024 21:29:28: writev code=20
2618: 01.12.2024 21:29:28: writev code=20
2618: 01.12.2024 21:29:28: writev code=20
2618: 01.12.2024 21:29:28: writev code=20
2618: 01.12.2024 21:29:28: poll code=7
2618: 01.12.2024 21:29:28: poll code=7
2618: 01.12.2024 21:29:28: epoll_wait code=232
2618: 01.12.2024 21:29:28: epoll_wait code=232
2618: 01.12.2024 21:29:28: setitimer code=38
2618: 01.12.2024 21:29:28: setitimer code=38
2618: 01.12.2024 21:29:28: recvmsg code=47
2618: 01.12.2024 21:29:28: recvmsg code=47
2618: 01.12.2024 21:29:28: futex code=202
2618: 01.12.2024 21:29:28: futex code=202
2618: 01.12.2024 21:29:28: futex code=202
2618: 01.12.2024 21:29:28: futex code=202
2618: 01.12.2024 21:29:28: futex code=202
2618: 01.12.2024 21:29:28: futex code=202
2618: 01.12.2024 21:29:28: writev code=20
2618: 01.12.2024 21:29:28: writev code=20
2618: 01.12.2024 21:29:28: recvmsg code=47
2618: 01.12.2024 21:29:28: recvmsg code=47
2618: 01.12.2024 21:29:28: setitimer code=38
2618: 01.12.2024 21:29:28: setitimer code=38
2618: 01.12.2024 21:29:28: poll code=7
2618: 01.12.2024 21:29:28: poll code=7
2618: 01.12.2024 21:29:28: futex code=202
2618: 01.12.2024 21:29:28: futex code=202
2618: 01.12.2024 21:29:28: futex code=202
2618: 01.12.2024 21:29:28: futex code=202
2618: 01.12.2024 21:29:28: futex code=202
2618: 01.12.2024 21:29:28: futex code=202
2618: 01.12.2024 21:29:28: epoll_wait code=232
2618: 01.12.2024 21:29:28: epoll_wait code=232
2618: 01.12.2024 21:29:28: recvmsg code=47
2618: 01.12.2024 21:29:28: recvmsg code=47
2618: 01.12.2024 21:29:28: poll code=7
2618: 01.12.2024 21:29:28: poll code=7
2618: 01.12.2024 21:29:28: epoll_wait code=232
2618: 01.12.2024 21:29:28: epoll_wait code=232
2618: 01.12.2024 21:29:28: setitimer code=38
2618: 01.12.2024 21:29:28: setitimer code=38
2618: 01.12.2024 21:29:28: recvmsg code=47
2618: 01.12.2024 21:29:28: recvmsg code=47
2618: 01.12.2024 21:29:28: writev code=20
2618: 01.12.2024 21:29:28: writev code=20
2618: 01.12.2024 21:29:28: recvmsg code=47
2618: 01.12.2024 21:29:28: recvmsg code=47
2618: 01.12.2024 21:29:28: setitimer code=38
2618: 01.12.2024 21:29:28: setitimer code=38
2618: 01.12.2024 21:29:28: futex code=202
2618: 01.12.2024 21:29:28: futex code=202
2618: 01.12.2024 21:29:28: futex code=202
2618: 01.12.2024 21:29:28: futex code=202
2618: 01.12.2024 21:29:28: futex code=202
2618: 01.12.2024 21:29:28: futex code=202
2618: 01.12.2024 21:29:28: poll code=7
2618: 01.12.2024 21:29:28: poll code=7
2618: 01.12.2024 21:29:28: sendmsg code=46
2618: 01.12.2024 21:29:28: sendmsg code=46
2618: 01.12.2024 21:29:28: epoll_wait code=232
2618: 01.12.2024 21:29:28: epoll_wait code=232
2618: 01.12.2024 21:29:28: recvmsg code=47
2618: 01.12.2024 21:29:28: recvmsg code=47
2618: 01.12.2024 21:29:28: poll code=7
2618: 01.12.2024 21:29:28: poll code=7
2618: 01.12.2024 21:29:28: epoll_wait code=232
2618: 01.12.2024 21:29:28: epoll_wait code=232
2618: 01.12.2024 21:29:28: recvmsg code=47
2618: 01.12.2024 21:29:28: recvmsg code=47
2618: 01.12.2024 21:29:28: poll code=7
2618: 01.12.2024 21:29:28: poll code=7
2618: 01.12.2024 21:29:28: epoll_wait code=232
2618: 01.12.2024 21:29:28: epoll_wait code=232
2618: 01.12.2024 21:29:28: setitimer code=38
2618: 01.12.2024 21:29:28: setitimer code=38
2618: 01.12.2024 21:29:28: recvmsg code=47
2618: 01.12.2024 21:29:28: recvmsg code=47
2618: 01.12.2024 21:29:28: sendmsg code=46
2618: 01.12.2024 21:29:28: sendmsg code=46
2618: 01.12.2024 21:29:28: recvmsg code=47
2618: 01.12.2024 21:29:28: recvmsg code=47
2618: 01.12.2024 21:29:28: setitimer code=38
2618: 01.12.2024 21:29:28: setitimer code=38
2618: 01.12.2024 21:29:28: poll code=7
2618: 01.12.2024 21:29:28: poll code=7
2618: 01.12.2024 21:29:28: epoll_wait code=232
2618: 01.12.2024 21:29:28: epoll_wait code=232
2618: 01.12.2024 21:29:28: recvmsg code=47
2618: 01.12.2024 21:29:28: recvmsg code=47
2618: 01.12.2024 21:29:28: writev code=20
2618: 01.12.2024 21:29:28: writev code=20
2618: 01.12.2024 21:29:28: writev code=20
2618: 01.12.2024 21:29:28: writev code=20
2618: 01.12.2024 21:29:28: poll code=7
2618: 01.12.2024 21:29:28: poll code=7
2618: 01.12.2024 21:29:28: epoll_wait code=232
2618: 01.12.2024 21:29:28: epoll_wait code=232
2618: 01.12.2024 21:29:28: setitimer code=38
2618: 01.12.2024 21:29:28: setitimer code=38
2618: 01.12.2024 21:29:28: recvmsg code=47
2618: 01.12.2024 21:29:28: recvmsg code=47
2618: 01.12.2024 21:29:28: futex code=202
2618: 01.12.2024 21:29:28: futex code=202
2618: 01.12.2024 21:29:28: futex code=202
2618: 01.12.2024 21:29:28: futex code=202
2618: 01.12.2024 21:29:28: futex code=202
2618: 01.12.2024 21:29:28: futex code=202
2618: 01.12.2024 21:29:28: writev code=20
2618: 01.12.2024 21:29:28: writev code=20
2618: 01.12.2024 21:29:28: recvmsg code=47
2618: 01.12.2024 21:29:28: recvmsg code=47
2618: 01.12.2024 21:29:28: setitimer code=38
2618: 01.12.2024 21:29:28: setitimer code=38
2618: 01.12.2024 21:29:28: poll code=7
2618: 01.12.2024 21:29:28: poll code=7
2618: 01.12.2024 21:29:28: futex code=202
2618: 01.12.2024 21:29:28: futex code=202
2618: 01.12.2024 21:29:28: futex code=202
2618: 01.12.2024 21:29:28: futex code=202
2618: 01.12.2024 21:29:28: futex code=202
2618: 01.12.2024 21:29:28: futex code=202
2618: 01.12.2024 21:29:28: epoll_wait code=232
2618: 01.12.2024 21:29:28: epoll_wait code=232
2618: 01.12.2024 21:29:28: recvmsg code=47
2618: 01.12.2024 21:29:28: recvmsg code=47
2618: 01.12.2024 21:29:28: writev code=20
2618: 01.12.2024 21:29:28: writev code=20
2618: 01.12.2024 21:29:28: writev code=20
2618: 01.12.2024 21:29:28: writev code=20
2618: 01.12.2024 21:29:28: writev code=20
2618: 01.12.2024 21:29:28: writev code=20
2618: 01.12.2024 21:29:28: writev code=20
2618: 01.12.2024 21:29:28: writev code=20
2618: 01.12.2024 21:29:28: writev code=20
2618: 01.12.2024 21:29:28: writev code=20
2618: 01.12.2024 21:29:28: writev code=20
2618: 01.12.2024 21:29:28: writev code=20
2618: 01.12.2024 21:29:28: writev code=20
2618: 01.12.2024 21:29:28: writev code=20
2618: 01.12.2024 21:29:28: writev code=20
2618: 01.12.2024 21:29:28: writev code=20
2618: 01.12.2024 21:29:28: writev code=20
2618: 01.12.2024 21:29:28: writev code=20
2618: 01.12.2024 21:29:28: writev code=20
2618: 01.12.2024 21:29:28: writev code=20
2618: 01.12.2024 21:29:28: poll code=7
2618: 01.12.2024 21:29:28: poll code=7
2618: 01.12.2024 21:29:28: epoll_wait code=232
2618: 01.12.2024 21:29:28: epoll_wait code=232
2618: 01.12.2024 21:29:28: setitimer code=38
2618: 01.12.2024 21:29:28: setitimer code=38
2618: 01.12.2024 21:29:28: recvmsg code=47
2618: 01.12.2024 21:29:28: recvmsg code=47
2618: 01.12.2024 21:29:28: writev code=20
2618: 01.12.2024 21:29:28: writev code=20
2618: 01.12.2024 21:29:28: writev code=20
2618: 01.12.2024 21:29:28: writev code=20
2618: 01.12.2024 21:29:28: recvmsg code=47
2618: 01.12.2024 21:29:28: recvmsg code=47
2618: 01.12.2024 21:29:28: poll code=7
2618: 01.12.2024 21:29:28: poll code=7
2618: 01.12.2024 21:29:28: epoll_wait code=232
2618: 01.12.2024 21:29:28: epoll_wait code=232
2618: 01.12.2024 21:29:28: recvmsg code=47
2618: 01.12.2024 21:29:28: recvmsg code=47
2618: 01.12.2024 21:29:28: writev code=20
2618: 01.12.2024 21:29:28: writev code=20
2618: 01.12.2024 21:29:28: recvmsg code=47
2618: 01.12.2024 21:29:28: recvmsg code=47
2618: 01.12.2024 21:29:28: writev code=20
2618: 01.12.2024 21:29:28: writev code=20
2618: 01.12.2024 21:29:28: writev code=20
2618: 01.12.2024 21:29:28: writev code=20
2618: 01.12.2024 21:29:28: recvmsg code=47
2618: 01.12.2024 21:29:28: recvmsg code=47
2618: 01.12.2024 21:29:28: setitimer code=38
2618: 01.12.2024 21:29:28: setitimer code=38
2618: 01.12.2024 21:29:28: poll code=7
2618: 01.12.2024 21:29:28: poll code=7
2618: 01.12.2024 21:29:28: epoll_wait code=232
2618: 01.12.2024 21:29:28: epoll_wait code=232
2618: 01.12.2024 21:29:28: setitimer code=38
2618: 01.12.2024 21:29:28: setitimer code=38
2618: 01.12.2024 21:29:28: recvmsg code=47
2618: 01.12.2024 21:29:28: recvmsg code=47
2618: 01.12.2024 21:29:28: writev code=20
2618: 01.12.2024 21:29:28: writev code=20
2618: 01.12.2024 21:29:28: writev code=20
2618: 01.12.2024 21:29:28: writev code=20
2618: 01.12.2024 21:29:28: writev code=20
2618: 01.12.2024 21:29:28: writev code=20
2618: 01.12.2024 21:29:28: recvmsg code=47
2618: 01.12.2024 21:29:28: recvmsg code=47
2618: 01.12.2024 21:29:28: writev code=20
2618: 01.12.2024 21:29:28: writev code=20
2618: 01.12.2024 21:29:28: recvmsg code=47
2618: 01.12.2024 21:29:28: recvmsg code=47
2618: 01.12.2024 21:29:28: setitimer code=38
2618: 01.12.2024 21:29:28: setitimer code=38
2618: 01.12.2024 21:29:28: poll code=7
2618: 01.12.2024 21:29:28: poll code=7
2618: 01.12.2024 21:29:28: epoll_wait code=232
2618: 01.12.2024 21:29:28: epoll_wait code=232
2618: 01.12.2024 21:29:28: recvmsg code=47
2618: 01.12.2024 21:29:28: recvmsg code=47
2618: 01.12.2024 21:29:28: poll code=7
2618: 01.12.2024 21:29:28: poll code=7
2618: 01.12.2024 21:29:28: epoll_wait code=232
2618: 01.12.2024 21:29:28: epoll_wait code=232
2618: 01.12.2024 21:29:28: setitimer code=38
2618: 01.12.2024 21:29:28: setitimer code=38
2618: 01.12.2024 21:29:28: recvmsg code=47
2618: 01.12.2024 21:29:28: recvmsg code=47
2618: 01.12.2024 21:29:28: writev code=20
2618: 01.12.2024 21:29:28: writev code=20
2618: 01.12.2024 21:29:28: writev code=20
2618: 01.12.2024 21:29:28: writev code=20
2618: 01.12.2024 21:29:28: writev code=20
2618: 01.12.2024 21:29:28: writev code=20
2618: 01.12.2024 21:29:28: recvmsg code=47
2618: 01.12.2024 21:29:28: recvmsg code=47
2618: 01.12.2024 21:29:28: setitimer code=38
2618: 01.12.2024 21:29:28: setitimer code=38
2618: 01.12.2024 21:29:28: poll code=7
2618: 01.12.2024 21:29:28: poll code=7
2618: 01.12.2024 21:29:28: epoll_wait code=232
2618: 01.12.2024 21:29:28: epoll_wait code=232
2618: 01.12.2024 21:29:28: setitimer code=38
2618: 01.12.2024 21:29:28: setitimer code=38
2618: 01.12.2024 21:29:28: recvmsg code=47
2618: 01.12.2024 21:29:28: recvmsg code=47
2618: 01.12.2024 21:29:28: writev code=20
2618: 01.12.2024 21:29:28: writev code=20
2618: 01.12.2024 21:29:28: writev code=20
2618: 01.12.2024 21:29:28: writev code=20
2618: 01.12.2024 21:29:28: writev code=20
2618: 01.12.2024 21:29:28: writev code=20
2618: 01.12.2024 21:29:28: recvmsg code=47
2618: 01.12.2024 21:29:28: recvmsg code=47
2618: 01.12.2024 21:29:28: setitimer code=38
2618: 01.12.2024 21:29:28: setitimer code=38
2618: 01.12.2024 21:29:28: poll code=7
2618: 01.12.2024 21:29:28: poll code=7
2618: 01.12.2024 21:29:28: epoll_wait code=232
2618: 01.12.2024 21:29:28: epoll_wait code=232
2618: 01.12.2024 21:29:28: setitimer code=38
2618: 01.12.2024 21:29:28: setitimer code=38
2618: 01.12.2024 21:29:28: recvmsg code=47
2618: 01.12.2024 21:29:28: recvmsg code=47
2618: 01.12.2024 21:29:28: writev code=20
2618: 01.12.2024 21:29:28: writev code=20
2618: 01.12.2024 21:29:28: writev code=20
2618: 01.12.2024 21:29:28: writev code=20
2618: 01.12.2024 21:29:28: recvmsg code=47
2618: 01.12.2024 21:29:28: recvmsg code=47
2618: 01.12.2024 21:29:28: setitimer code=38
2618: 01.12.2024 21:29:28: setitimer code=38
2618: 01.12.2024 21:29:28: poll code=7
2618: 01.12.2024 21:29:28: poll code=7
2618: 01.12.2024 21:29:28: epoll_wait code=232
2618: 01.12.2024 21:29:28: epoll_wait code=232
2618: 01.12.2024 21:29:28: setitimer code=38
2618: 01.12.2024 21:29:28: setitimer code=38
2618: 01.12.2024 21:29:28: recvmsg code=47
2618: 01.12.2024 21:29:28: recvmsg code=47
2618: 01.12.2024 21:29:28: sendmsg code=46
2618: 01.12.2024 21:29:28: sendmsg code=46
2618: 01.12.2024 21:29:28: recvmsg code=47
2618: 01.12.2024 21:29:28: recvmsg code=47
2618: 01.12.2024 21:29:28: setitimer code=38
2618: 01.12.2024 21:29:28: setitimer code=38
2618: 01.12.2024 21:29:28: poll code=7
2618: 01.12.2024 21:29:28: poll code=7
2618: 01.12.2024 21:29:28: epoll_wait code=232
2618: 01.12.2024 21:29:28: epoll_wait code=232
2618: 01.12.2024 21:29:28: recvmsg code=47
2618: 01.12.2024 21:29:28: recvmsg code=47
2618: 01.12.2024 21:29:28: writev code=20
2618: 01.12.2024 21:29:28: writev code=20
2618: 01.12.2024 21:29:28: writev code=20
2618: 01.12.2024 21:29:28: writev code=20
2618: 01.12.2024 21:29:28: poll code=7
2618: 01.12.2024 21:29:28: poll code=7
2618: 01.12.2024 21:29:28: epoll_wait code=232
2618: 01.12.2024 21:29:28: epoll_wait code=232
2618: 01.12.2024 21:29:28: recvmsg code=47
2618: 01.12.2024 21:29:28: recvmsg code=47
2618: 01.12.2024 21:29:28: poll code=7
2618: 01.12.2024 21:29:28: poll code=7
2618: 01.12.2024 21:29:28: epoll_wait code=232
2618: 01.12.2024 21:29:28: epoll_wait code=232
2618: 01.12.2024 21:29:28: setitimer code=38
2618: 01.12.2024 21:29:28: setitimer code=38
2618: 01.12.2024 21:29:28: recvmsg code=47
2618: 01.12.2024 21:29:28: recvmsg code=47
2618: 01.12.2024 21:29:28: sendmsg code=46
2618: 01.12.2024 21:29:28: sendmsg code=46
2618: 01.12.2024 21:29:28: recvmsg code=47
2618: 01.12.2024 21:29:28: recvmsg code=47
2618: 01.12.2024 21:29:28: setitimer code=38
2618: 01.12.2024 21:29:28: setitimer code=38
2618: 01.12.2024 21:29:28: poll code=7
2618: 01.12.2024 21:29:28: poll code=7
2618: 01.12.2024 21:29:28: epoll_wait code=232
2618: 01.12.2024 21:29:28: epoll_wait code=232
2618: 01.12.2024 21:29:28: recvmsg code=47
2618: 01.12.2024 21:29:28: recvmsg code=47
2618: 01.12.2024 21:29:28: writev code=20
2618: 01.12.2024 21:29:28: writev code=20
2618: 01.12.2024 21:29:28: writev code=20
2618: 01.12.2024 21:29:28: writev code=20
2618: 01.12.2024 21:29:28: setitimer code=38
2618: 01.12.2024 21:29:28: setitimer code=38
2618: 01.12.2024 21:29:28: recvmsg code=47
2618: 01.12.2024 21:29:28: recvmsg code=47
2618: 01.12.2024 21:29:28: futex code=202
2618: 01.12.2024 21:29:28: futex code=202
2618: 01.12.2024 21:29:28: futex code=202
2618: 01.12.2024 21:29:28: futex code=202
2618: 01.12.2024 21:29:28: futex code=202
2618: 01.12.2024 21:29:28: futex code=202
2618: 01.12.2024 21:29:28: writev code=20
2618: 01.12.2024 21:29:28: writev code=20
2618: 01.12.2024 21:29:28: recvmsg code=47
2618: 01.12.2024 21:29:28: recvmsg code=47
2618: 01.12.2024 21:29:28: setitimer code=38
2618: 01.12.2024 21:29:28: setitimer code=38
2618: 01.12.2024 21:29:28: poll code=7
2618: 01.12.2024 21:29:28: poll code=7
2618: 01.12.2024 21:29:28: futex code=202
2618: 01.12.2024 21:29:28: futex code=202
2618: 01.12.2024 21:29:28: futex code=202
2618: 01.12.2024 21:29:28: futex code=202
2618: 01.12.2024 21:29:28: epoll_wait code=232
2618: 01.12.2024 21:29:28: epoll_wait code=232
2618: 01.12.2024 21:29:28: recvmsg code=47
2618: 01.12.2024 21:29:28: recvmsg code=47
2618: 01.12.2024 21:29:28: poll code=7
2618: 01.12.2024 21:29:28: poll code=7
2618: 01.12.2024 21:29:28: epoll_wait code=232
2618: 01.12.2024 21:29:28: epoll_wait code=232
2618: 01.12.2024 21:29:28: setitimer code=38
2618: 01.12.2024 21:29:28: setitimer code=38
2618: 01.12.2024 21:29:28: recvmsg code=47
2618: 01.12.2024 21:29:28: recvmsg code=47
2618: 01.12.2024 21:29:28: sendmsg code=46
2618: 01.12.2024 21:29:28: sendmsg code=46
2618: 01.12.2024 21:29:28: recvmsg code=47
2618: 01.12.2024 21:29:28: recvmsg code=47
2618: 01.12.2024 21:29:28: setitimer code=38
2618: 01.12.2024 21:29:28: setitimer code=38
2618: 01.12.2024 21:29:28: poll code=7
2618: 01.12.2024 21:29:28: poll code=7
2618: 01.12.2024 21:29:28: epoll_wait code=232
2618: 01.12.2024 21:29:28: epoll_wait code=232
2618: 01.12.2024 21:29:28: recvmsg code=47
2618: 01.12.2024 21:29:28: recvmsg code=47
2618: 01.12.2024 21:29:28: writev code=20
2618: 01.12.2024 21:29:28: writev code=20
2618: 01.12.2024 21:29:28: writev code=20
2618: 01.12.2024 21:29:28: writev code=20
2618: 01.12.2024 21:29:28: setitimer code=38
2618: 01.12.2024 21:29:28: setitimer code=38
2618: 01.12.2024 21:29:28: recvmsg code=47
2618: 01.12.2024 21:29:28: recvmsg code=47
2618: 01.12.2024 21:29:28: futex code=202
2618: 01.12.2024 21:29:28: futex code=202
2618: 01.12.2024 21:29:28: futex code=202
2618: 01.12.2024 21:29:28: futex code=202
2618: 01.12.2024 21:29:28: futex code=202
2618: 01.12.2024 21:29:28: futex code=202
2618: 01.12.2024 21:29:28: writev code=20
2618: 01.12.2024 21:29:28: writev code=20
2618: 01.12.2024 21:29:28: recvmsg code=47
2618: 01.12.2024 21:29:28: recvmsg code=47
2618: 01.12.2024 21:29:28: setitimer code=38
2618: 01.12.2024 21:29:28: setitimer code=38
2618: 01.12.2024 21:29:28: poll code=7
2618: 01.12.2024 21:29:28: poll code=7
2618: 01.12.2024 21:29:28: futex code=202
2618: 01.12.2024 21:29:28: futex code=202
2618: 01.12.2024 21:29:28: futex code=202
2618: 01.12.2024 21:29:28: futex code=202
2618: 01.12.2024 21:29:28: epoll_wait code=232
2618: 01.12.2024 21:29:28: epoll_wait code=232
2618: 01.12.2024 21:29:28: recvmsg code=47
2618: 01.12.2024 21:29:28: recvmsg code=47
2618: 01.12.2024 21:29:28: poll code=7
2618: 01.12.2024 21:29:28: poll code=7
2618: 01.12.2024 21:29:28: epoll_wait code=232
2618: 01.12.2024 21:29:28: epoll_wait code=232
2618: 01.12.2024 21:29:28: recvmsg code=47
2618: 01.12.2024 21:29:28: recvmsg code=47
2618: 01.12.2024 21:29:28: writev code=20
2618: 01.12.2024 21:29:28: writev code=20
2618: 01.12.2024 21:29:28: poll code=7
2618: 01.12.2024 21:29:28: poll code=7
2618: 01.12.2024 21:29:28: epoll_wait code=232
2618: 01.12.2024 21:29:28: epoll_wait code=232
2618: 01.12.2024 21:29:28: setitimer code=38
2618: 01.12.2024 21:29:28: setitimer code=38
2618: 01.12.2024 21:29:28: recvmsg code=47
2618: 01.12.2024 21:29:28: recvmsg code=47
2618: 01.12.2024 21:29:28: writev code=20
2618: 01.12.2024 21:29:28: writev code=20
2618: 01.12.2024 21:29:28: writev code=20
2618: 01.12.2024 21:29:28: writev code=20
2618: 01.12.2024 21:29:28: recvmsg code=47
2618: 01.12.2024 21:29:28: recvmsg code=47
2618: 01.12.2024 21:29:28: setitimer code=38
2618: 01.12.2024 21:29:28: setitimer code=38
2618: 01.12.2024 21:29:28: poll code=7
2618: 01.12.2024 21:29:28: poll code=7
